<?xml version="1.0" encoding="UTF-8"?>
<!-- Generated by org.testng.reporters.JUnitXMLReporter -->
<testsuite hostname="DESKTOP-IC54V12" ignored="0" name="Default test" tests="8" failures="0" timestamp="19 Aug 2018 03:28:01 GMT" time="0.106" errors="0">
  <testcase name="add2Numbers" time="0.008" classname="com.addition.testcases.AddingNumbersTest"/>
  <testcase name="add2NumbersTest2" time="0.002" classname="com.addition.testcases.AddingNumbersTest"/>
  <testcase name="add2NumbersTest3" time="0.002" classname="com.addition.testcases.AddingNumbersTest"/>
  <testcase name="add2NumbersTest4" time="0.001" classname="com.addition.testcases.AddingNumbersTest"/>
  <testcase name="add2NumbersTest5" time="0.002" classname="com.addition.testcases.AddingNumbersTest"/>
  <testcase name="add2NumbersTest6" time="0.002" classname="com.addition.testcases.AddingNumbersTest"/>
  <testcase name="add2NumbersTest7" time="0.002" classname="com.addition.testcases.AddingNumbersTest"/>
  <testcase name="add2NumbersTest8" time="0.001" classname="com.addition.testcases.AddingNumbersTest"/>
</testsuite> <!-- Default test -->
