<?xml version="1.0" encoding="UTF-8"?>
<!-- Generated by org.testng.reporters.JUnitXMLReporter -->
<testsuite hostname="DESKTOP-IC54V12" ignored="6" name="AdditionAppSystemTest" tests="5" failures="0" timestamp="19 Aug 2018 17:52:27 GMT" time="16.295" errors="0">
  <testcase name="add2Numbers" time="0.0" classname="com.addition.testcases.AddingNumbersTest"/>
  <testcase name="add2NumbersTest3" time="0.0" classname="com.addition.testcases.AddingNumbersTest"/>
  <testcase name="add2NumbersTest7" time="0.0" classname="com.addition.testcases.AddingNumbersTest"/>
  <testcase name="add2NumbersTest8" time="0.0" classname="com.addition.testcases.AddingNumbersTest"/>
  <testcase name="loginTest" time="10.553" classname="com.freecrm.testcases.LoginPageTest"/>
  <testcase name="add2NumbersTest5" time="0.0" classname="com.addition.testcases.AddingNumbersTest">
    <ignored/>
  </testcase> <!-- add2NumbersTest5 -->
  <testcase name="add2NumbersTest6" time="0.0" classname="com.addition.testcases.AddingNumbersTest">
    <ignored/>
  </testcase> <!-- add2NumbersTest6 -->
  <testcase name="add2NumbersTest4" time="0.0" classname="com.addition.testcases.AddingNumbersTest">
    <ignored/>
  </testcase> <!-- add2NumbersTest4 -->
  <testcase name="add2NumbersTest2" time="0.0" classname="com.addition.testcases.AddingNumbersTest">
    <ignored/>
  </testcase> <!-- add2NumbersTest2 -->
  <testcase name="loginPageTitleTest" time="0.0" classname="com.freecrm.testcases.LoginPageTest">
    <ignored/>
  </testcase> <!-- loginPageTitleTest -->
  <testcase name="add2NumbersTest9" time="0.0" classname="com.addition.testcases.AddingNumbersTest">
    <ignored/>
  </testcase> <!-- add2NumbersTest9 -->
</testsuite> <!-- AdditionAppSystemTest -->
