<?xml version="1.0" encoding="UTF-8"?>
<!-- Generated by org.testng.reporters.JUnitXMLReporter -->
<testsuite hostname="DESKTOP-IC54V12" ignored="1" name="FreeCrmAppTest" tests="1" failures="1" timestamp="19 Aug 2018 03:28:53 GMT" time="0.006" errors="0">
  <testcase name="loginTest" time="0.003" classname="com.freecrm.testcases.LoginPageTest">
    <failure type="java.lang.NullPointerException">
      <![CDATA[java.lang.NullPointerException
at com.freecrm.testcases.LoginPageTest.loginTest(LoginPageTest.java:49)
... Removed 25 stack frames]]>
    </failure>
  </testcase> <!-- loginTest -->
  <testcase name="loginPageTitleTest" time="0.0" classname="com.freecrm.testcases.LoginPageTest">
    <ignored/>
  </testcase> <!-- loginPageTitleTest -->
</testsuite> <!-- FreeCrmAppTest -->
