<?xml version="1.0" encoding="UTF-8"?>
<!-- Generated by org.testng.reporters.JUnitXMLReporter -->
<testsuite hostname="DESKTOP-IC54V12" ignored="5" name="RegressionTest" tests="5" failures="0" timestamp="19 Aug 2018 17:19:51 GMT" time="5.562" errors="0">
  <testcase name="add2NumbersTest2" time="0.006" classname="com.addition.testcases.AddingNumbersTest"/>
  <testcase name="add2NumbersTest4" time="0.001" classname="com.addition.testcases.AddingNumbersTest"/>
  <testcase name="add2NumbersTest5" time="0.002" classname="com.addition.testcases.AddingNumbersTest"/>
  <testcase name="add2NumbersTest6" time="0.001" classname="com.addition.testcases.AddingNumbersTest"/>
  <testcase name="loginPageTitleTest" time="0.008" classname="com.freecrm.testcases.LoginPageTest"/>
  <testcase name="add2NumbersTest7" time="0.0" classname="com.addition.testcases.AddingNumbersTest">
    <ignored/>
  </testcase> <!-- add2NumbersTest7 -->
  <testcase name="add2NumbersTest8" time="0.0" classname="com.addition.testcases.AddingNumbersTest">
    <ignored/>
  </testcase> <!-- add2NumbersTest8 -->
  <testcase name="add2Numbers" time="0.0" classname="com.addition.testcases.AddingNumbersTest">
    <ignored/>
  </testcase> <!-- add2Numbers -->
  <testcase name="add2NumbersTest3" time="0.0" classname="com.addition.testcases.AddingNumbersTest">
    <ignored/>
  </testcase> <!-- add2NumbersTest3 -->
  <testcase name="loginTest" time="0.0" classname="com.freecrm.testcases.LoginPageTest">
    <ignored/>
  </testcase> <!-- loginTest -->
</testsuite> <!-- RegressionTest -->
